#! /opt/homebrew/Cellar/icarus-verilog/12.0/bin/vvp
:ivl_version "12.0 (stable)";
:ivl_delay_selection "TYPICAL";
:vpi_time_precision + 0;
:vpi_module "/opt/homebrew/Cellar/icarus-verilog/12.0/lib/ivl/system.vpi";
:vpi_module "/opt/homebrew/Cellar/icarus-verilog/12.0/lib/ivl/vhdl_sys.vpi";
:vpi_module "/opt/homebrew/Cellar/icarus-verilog/12.0/lib/ivl/vhdl_textio.vpi";
:vpi_module "/opt/homebrew/Cellar/icarus-verilog/12.0/lib/ivl/v2005_math.vpi";
:vpi_module "/opt/homebrew/Cellar/icarus-verilog/12.0/lib/ivl/va_math.vpi";
S_0x150e05e70 .scope module, "ALU_Decoder" "ALU_Decoder" 2 1;
 .timescale 0 0;
    .port_info 0 /INPUT 2 "ALUOp";
    .port_info 1 /INPUT 3 "funct3";
    .port_info 2 /INPUT 7 "funct7";
    .port_info 3 /INPUT 7 "op";
    .port_info 4 /OUTPUT 3 "ALUControl";
L_0x150e18fa0 .functor AND 1, L_0x150e18da0, L_0x150e18e80, C4<1>, C4<1>;
L_0x150e19500 .functor AND 1, L_0x150e18fa0, L_0x150e193e0, C4<1>, C4<1>;
L_0x150e198c0 .functor AND 1, L_0x150e19670, L_0x150e197e0, C4<1>, C4<1>;
L_0x150e19e00 .functor AND 1, L_0x150e198c0, L_0x150e19d20, C4<1>, C4<1>;
L_0x150e1a0f0 .functor AND 1, L_0x150e19ef0, L_0x150e1a050, C4<1>, C4<1>;
L_0x150e1a530 .functor AND 1, L_0x150e1a200, L_0x150e1a490, C4<1>, C4<1>;
L_0x150e1a820 .functor AND 1, L_0x150e1a5e0, L_0x150e1a780, C4<1>, C4<1>;
v0x150e06060_0 .net "ALUControl", 2 0, L_0x150e1b1d0;  1 drivers
o0x148008040 .functor BUFZ 2, C4<zz>; HiZ drive
v0x150e160c0_0 .net "ALUOp", 1 0, o0x148008040;  0 drivers
L_0x148040010 .functor BUFT 1, C4<00>, C4<0>, C4<0>, C4<0>;
v0x150e16160_0 .net/2u *"_ivl_0", 1 0, L_0x148040010;  1 drivers
L_0x1480400e8 .functor BUFT 1, C4<001>, C4<0>, C4<0>, C4<0>;
v0x150e16210_0 .net/2u *"_ivl_10", 2 0, L_0x1480400e8;  1 drivers
v0x150e162c0_0 .net *"_ivl_100", 2 0, L_0x150e1aae0;  1 drivers
v0x150e163b0_0 .net *"_ivl_102", 2 0, L_0x150e1ac40;  1 drivers
v0x150e16460_0 .net *"_ivl_104", 2 0, L_0x150e1ada0;  1 drivers
v0x150e16510_0 .net *"_ivl_106", 2 0, L_0x150e1af00;  1 drivers
v0x150e165c0_0 .net *"_ivl_108", 2 0, L_0x150e1b070;  1 drivers
L_0x148040130 .functor BUFT 1, C4<10>, C4<0>, C4<0>, C4<0>;
v0x150e166d0_0 .net/2u *"_ivl_12", 1 0, L_0x148040130;  1 drivers
v0x150e16780_0 .net *"_ivl_14", 0 0, L_0x150e18da0;  1 drivers
L_0x148040178 .functor BUFT 1, C4<000>, C4<0>, C4<0>, C4<0>;
v0x150e16820_0 .net/2u *"_ivl_16", 2 0, L_0x148040178;  1 drivers
v0x150e168d0_0 .net *"_ivl_18", 0 0, L_0x150e18e80;  1 drivers
v0x150e16970_0 .net *"_ivl_2", 0 0, L_0x150e18b40;  1 drivers
v0x150e16a10_0 .net *"_ivl_20", 0 0, L_0x150e18fa0;  1 drivers
v0x150e16ac0_0 .net *"_ivl_23", 0 0, L_0x150e190b0;  1 drivers
v0x150e16b70_0 .net *"_ivl_25", 0 0, L_0x150e19180;  1 drivers
v0x150e16d00_0 .net *"_ivl_26", 1 0, L_0x150e19240;  1 drivers
L_0x1480401c0 .functor BUFT 1, C4<11>, C4<0>, C4<0>, C4<0>;
v0x150e16d90_0 .net/2u *"_ivl_28", 1 0, L_0x1480401c0;  1 drivers
v0x150e16e40_0 .net *"_ivl_30", 0 0, L_0x150e193e0;  1 drivers
v0x150e16ee0_0 .net *"_ivl_32", 0 0, L_0x150e19500;  1 drivers
L_0x148040208 .functor BUFT 1, C4<001>, C4<0>, C4<0>, C4<0>;
v0x150e16f90_0 .net/2u *"_ivl_34", 2 0, L_0x148040208;  1 drivers
L_0x148040250 .functor BUFT 1, C4<10>, C4<0>, C4<0>, C4<0>;
v0x150e17040_0 .net/2u *"_ivl_36", 1 0, L_0x148040250;  1 drivers
v0x150e170f0_0 .net *"_ivl_38", 0 0, L_0x150e19670;  1 drivers
L_0x148040058 .functor BUFT 1, C4<000>, C4<0>, C4<0>, C4<0>;
v0x150e17190_0 .net/2u *"_ivl_4", 2 0, L_0x148040058;  1 drivers
L_0x148040298 .functor BUFT 1, C4<000>, C4<0>, C4<0>, C4<0>;
v0x150e17240_0 .net/2u *"_ivl_40", 2 0, L_0x148040298;  1 drivers
v0x150e172f0_0 .net *"_ivl_42", 0 0, L_0x150e197e0;  1 drivers
v0x150e17390_0 .net *"_ivl_44", 0 0, L_0x150e198c0;  1 drivers
v0x150e17440_0 .net *"_ivl_47", 0 0, L_0x150e199b0;  1 drivers
v0x150e174f0_0 .net *"_ivl_49", 0 0, L_0x150e19af0;  1 drivers
v0x150e175a0_0 .net *"_ivl_50", 1 0, L_0x150e19b90;  1 drivers
L_0x1480402e0 .functor BUFT 1, C4<11>, C4<0>, C4<0>, C4<0>;
v0x150e17650_0 .net/2u *"_ivl_52", 1 0, L_0x1480402e0;  1 drivers
v0x150e17700_0 .net *"_ivl_54", 0 0, L_0x150e19d20;  1 drivers
v0x150e16c10_0 .net *"_ivl_56", 0 0, L_0x150e19e00;  1 drivers
L_0x148040328 .functor BUFT 1, C4<000>, C4<0>, C4<0>, C4<0>;
v0x150e17990_0 .net/2u *"_ivl_58", 2 0, L_0x148040328;  1 drivers
L_0x1480400a0 .functor BUFT 1, C4<01>, C4<0>, C4<0>, C4<0>;
v0x150e17a20_0 .net/2u *"_ivl_6", 1 0, L_0x1480400a0;  1 drivers
L_0x148040370 .functor BUFT 1, C4<10>, C4<0>, C4<0>, C4<0>;
v0x150e17ab0_0 .net/2u *"_ivl_60", 1 0, L_0x148040370;  1 drivers
v0x150e17b60_0 .net *"_ivl_62", 0 0, L_0x150e19ef0;  1 drivers
L_0x1480403b8 .functor BUFT 1, C4<010>, C4<0>, C4<0>, C4<0>;
v0x150e17c00_0 .net/2u *"_ivl_64", 2 0, L_0x1480403b8;  1 drivers
v0x150e17cb0_0 .net *"_ivl_66", 0 0, L_0x150e1a050;  1 drivers
v0x150e17d50_0 .net *"_ivl_68", 0 0, L_0x150e1a0f0;  1 drivers
L_0x148040400 .functor BUFT 1, C4<101>, C4<0>, C4<0>, C4<0>;
v0x150e17e00_0 .net/2u *"_ivl_70", 2 0, L_0x148040400;  1 drivers
L_0x148040448 .functor BUFT 1, C4<10>, C4<0>, C4<0>, C4<0>;
v0x150e17eb0_0 .net/2u *"_ivl_72", 1 0, L_0x148040448;  1 drivers
v0x150e17f60_0 .net *"_ivl_74", 0 0, L_0x150e1a200;  1 drivers
L_0x148040490 .functor BUFT 1, C4<110>, C4<0>, C4<0>, C4<0>;
v0x150e18000_0 .net/2u *"_ivl_76", 2 0, L_0x148040490;  1 drivers
v0x150e180b0_0 .net *"_ivl_78", 0 0, L_0x150e1a490;  1 drivers
v0x150e18150_0 .net *"_ivl_8", 0 0, L_0x150e18c20;  1 drivers
v0x150e181f0_0 .net *"_ivl_80", 0 0, L_0x150e1a530;  1 drivers
L_0x1480404d8 .functor BUFT 1, C4<011>, C4<0>, C4<0>, C4<0>;
v0x150e182a0_0 .net/2u *"_ivl_82", 2 0, L_0x1480404d8;  1 drivers
L_0x148040520 .functor BUFT 1, C4<10>, C4<0>, C4<0>, C4<0>;
v0x150e18350_0 .net/2u *"_ivl_84", 1 0, L_0x148040520;  1 drivers
v0x150e18400_0 .net *"_ivl_86", 0 0, L_0x150e1a5e0;  1 drivers
L_0x148040568 .functor BUFT 1, C4<111>, C4<0>, C4<0>, C4<0>;
v0x150e184a0_0 .net/2u *"_ivl_88", 2 0, L_0x148040568;  1 drivers
v0x150e18550_0 .net *"_ivl_90", 0 0, L_0x150e1a780;  1 drivers
v0x150e185f0_0 .net *"_ivl_92", 0 0, L_0x150e1a820;  1 drivers
L_0x1480405b0 .functor BUFT 1, C4<010>, C4<0>, C4<0>, C4<0>;
v0x150e186a0_0 .net/2u *"_ivl_94", 2 0, L_0x1480405b0;  1 drivers
L_0x1480405f8 .functor BUFT 1, C4<000>, C4<0>, C4<0>, C4<0>;
v0x150e18750_0 .net/2u *"_ivl_96", 2 0, L_0x1480405f8;  1 drivers
v0x150e18800_0 .net *"_ivl_98", 2 0, L_0x150e1a950;  1 drivers
o0x148008ac0 .functor BUFZ 3, C4<zzz>; HiZ drive
v0x150e188b0_0 .net "funct3", 2 0, o0x148008ac0;  0 drivers
o0x148008af0 .functor BUFZ 7, C4<zzzzzzz>; HiZ drive
v0x150e18960_0 .net "funct7", 6 0, o0x148008af0;  0 drivers
o0x148008b20 .functor BUFZ 7, C4<zzzzzzz>; HiZ drive
v0x150e18a10_0 .net "op", 6 0, o0x148008b20;  0 drivers
L_0x150e18b40 .cmp/eq 2, o0x148008040, L_0x148040010;
L_0x150e18c20 .cmp/eq 2, o0x148008040, L_0x1480400a0;
L_0x150e18da0 .cmp/eq 2, o0x148008040, L_0x148040130;
L_0x150e18e80 .cmp/eq 3, o0x148008ac0, L_0x148040178;
L_0x150e190b0 .part o0x148008b20, 5, 1;
L_0x150e19180 .part o0x148008af0, 5, 1;
L_0x150e19240 .concat [ 1 1 0 0], L_0x150e19180, L_0x150e190b0;
L_0x150e193e0 .cmp/eq 2, L_0x150e19240, L_0x1480401c0;
L_0x150e19670 .cmp/eq 2, o0x148008040, L_0x148040250;
L_0x150e197e0 .cmp/eq 3, o0x148008ac0, L_0x148040298;
L_0x150e199b0 .part o0x148008b20, 5, 1;
L_0x150e19af0 .part o0x148008af0, 5, 1;
L_0x150e19b90 .concat [ 1 1 0 0], L_0x150e19af0, L_0x150e199b0;
L_0x150e19d20 .cmp/ne 2, L_0x150e19b90, L_0x1480402e0;
L_0x150e19ef0 .cmp/eq 2, o0x148008040, L_0x148040370;
L_0x150e1a050 .cmp/eq 3, o0x148008ac0, L_0x1480403b8;
L_0x150e1a200 .cmp/eq 2, o0x148008040, L_0x148040448;
L_0x150e1a490 .cmp/eq 3, o0x148008ac0, L_0x148040490;
L_0x150e1a5e0 .cmp/eq 2, o0x148008040, L_0x148040520;
L_0x150e1a780 .cmp/eq 3, o0x148008ac0, L_0x148040568;
L_0x150e1a950 .functor MUXZ 3, L_0x1480405f8, L_0x1480405b0, L_0x150e1a820, C4<>;
L_0x150e1aae0 .functor MUXZ 3, L_0x150e1a950, L_0x1480404d8, L_0x150e1a530, C4<>;
L_0x150e1ac40 .functor MUXZ 3, L_0x150e1aae0, L_0x148040400, L_0x150e1a0f0, C4<>;
L_0x150e1ada0 .functor MUXZ 3, L_0x150e1ac40, L_0x148040328, L_0x150e19e00, C4<>;
L_0x150e1af00 .functor MUXZ 3, L_0x150e1ada0, L_0x148040208, L_0x150e19500, C4<>;
L_0x150e1b070 .functor MUXZ 3, L_0x150e1af00, L_0x1480400e8, L_0x150e18c20, C4<>;
L_0x150e1b1d0 .functor MUXZ 3, L_0x150e1b070, L_0x148040058, L_0x150e18b40, C4<>;
# The file index is used to find the file name in the following table.
:file_names 3;
    "N/A";
    "<interactive>";
    "ALU_Decoder.v";
